[0.025s] Invoking command in '/home/robert_kaiyuan/week2practice/build/subtf_print': CMAKE_PREFIX_PATH=/opt/ros/humble /usr/bin/cmake --build /home/robert_kaiyuan/week2practice/build/subtf_print -- -j16 -l16
[0.049s] -- Found ament_cmake: 1.3.11 (/opt/ros/humble/share/ament_cmake/cmake)
[0.172s] -- Found rclcpp: 16.0.11 (/opt/ros/humble/share/rclcpp/cmake)
[0.386s] -- Found rosidl_generator_c: 3.1.6 (/opt/ros/humble/share/rosidl_generator_c/cmake)
[0.387s] -- Found rosidl_adapter: 3.1.6 (/opt/ros/humble/share/rosidl_adapter/cmake)
[0.390s] -- Found rosidl_generator_cpp: 3.1.6 (/opt/ros/humble/share/rosidl_generator_cpp/cmake)
[0.397s] -- Using all available rosidl_typesupport_c: rosidl_typesupport_fastrtps_c;rosidl_typesupport_introspection_c
[0.403s] -- Using all available rosidl_typesupport_cpp: rosidl_typesupport_fastrtps_cpp;rosidl_typesupport_introspection_cpp
[0.422s] -- Found rmw_implementation_cmake: 6.1.2 (/opt/ros/humble/share/rmw_implementation_cmake/cmake)
[0.422s] -- Found rmw_fastrtps_cpp: 6.2.7 (/opt/ros/humble/share/rmw_fastrtps_cpp/cmake)
[8.866s] -- Using RMW implementation 'rmw_fastrtps_cpp' as default
[8.894s] -- Found tf2_ros: 0.25.12 (/opt/ros/humble/share/tf2_ros/cmake)
[8.955s] -- Found ament_lint_auto: 0.12.11 (/opt/ros/humble/share/ament_lint_auto/cmake)
[8.999s] -- Added test 'cppcheck' to perform static code analysis on C / C++ code
[8.999s] -- Configured cppcheck include dirs: $<BUILD_INTERFACE:/home/robert_kaiyuan/week2practice/src/subtf_print/include>
[8.999s] -- Configured cppcheck exclude dirs and/or files: 
[8.999s] -- Added test 'lint_cmake' to check CMake code style
[9.000s] -- Added test 'uncrustify' to check C / C++ code style
[9.000s] -- Configured uncrustify additional arguments: 
[9.000s] -- Added test 'xmllint' to check XML markup files
[9.001s] -- Configuring done
[9.009s] -- Generating done
[9.026s] -- Build files have been written to: /home/robert_kaiyuan/week2practice/build/subtf_print
[9.051s] [ 50%] [32mBuilding CXX object CMakeFiles/subtf_print.dir/src/subtf_print.cpp.o[0m
[9.216s] In file included from [01m[K/home/robert_kaiyuan/week2practice/src/subtf_print/src/subtf_print.cpp:2[m[K:
[9.216s] [01m[K/opt/ros/humble/include/tf2_ros/tf2_ros/transform_listener.h:40:10:[m[K [01;31m[Kfatal error: [m[Ktf2/buffer_core.hpp: No such file or directory
[9.216s]    40 | #include [01;31m[K"tf2/buffer_core.hpp"[m[K
[9.216s]       |          [01;31m[K^~~~~~~~~~~~~~~~~~~~~[m[K
[9.216s] compilation terminated.
[9.259s] gmake[2]: *** [CMakeFiles/subtf_print.dir/build.make:76: CMakeFiles/subtf_print.dir/src/subtf_print.cpp.o] Error 1
[9.259s] gmake[1]: *** [CMakeFiles/Makefile2:137: CMakeFiles/subtf_print.dir/all] Error 2
[9.260s] gmake: *** [Makefile:146: all] Error 2
[9.262s] Invoked command in '/home/robert_kaiyuan/week2practice/build/subtf_print' returned '2': CMAKE_PREFIX_PATH=/opt/ros/humble /usr/bin/cmake --build /home/robert_kaiyuan/week2practice/build/subtf_print -- -j16 -l16
