[01m[K/home/robert_kaiyuan/week2practice/src/local_costmap/src/local_costmap.cpp:[m[K In member function â€˜[01m[Kvoid LocalCostmap::process_cloud(std_msgs::msg::Header)[m[Kâ€™:
[01m[K/home/robert_kaiyuan/week2practice/src/local_costmap/src/local_costmap.cpp:160:17:[m[K [01;31m[Kerror: [m[Kâ€˜[01m[Kcostmap[m[Kâ€™ was not declared in this scope
  160 |                 [01;31m[Kcostmap[m[K.info.origin.position.x = transform.transform.translation.x-costmapSize/2;
      |                 [01;31m[K^~~~~~~[m[K
[01m[K/home/robert_kaiyuan/week2practice/src/local_costmap/src/local_costmap.cpp:190:44:[m[K [01;31m[Kerror: [m[Kâ€˜[01m[Kcostmap[m[Kâ€™ was not declared in this scope
  190 |             publisher_raw_costmap->publish([01;31m[Kcostmap[m[K);
      |                                            [01;31m[K^~~~~~~[m[K
[01m[K/home/robert_kaiyuan/week2practice/src/local_costmap/src/local_costmap.cpp:148:50:[m[K [01;35m[Kwarning: [m[Kunused parameter â€˜[01m[Kheader[m[Kâ€™ [[01;35m[K]8;;https://gcc.gnu.org/onlinedocs/gcc/Warning-Options.html#index-Wunused-parameter-Wunused-parameter]8;;[m[K]
  148 |         void process_cloud([01;35m[Kstd_msgs::msg::Header header[m[K)
      |                            [01;35m[K~~~~~~~~~~~~~~~~~~~~~~^~~~~~[m[K
gmake[2]: *** [CMakeFiles/local_costmap.dir/build.make:76: CMakeFiles/local_costmap.dir/src/local_costmap.cpp.o] Error 1
gmake[1]: *** [CMakeFiles/Makefile2:137: CMakeFiles/local_costmap.dir/all] Error 2
gmake: *** [Makefile:146: all] Error 2
