[0.028s] Invoking command in '/home/robert_kaiyuan/week2practice/build/local_costmap': CMAKE_PREFIX_PATH=${CMAKE_PREFIX_PATH}:/home/robert_kaiyuan/week2practice/install/my_map:/opt/ros/humble /usr/bin/cmake --build /home/robert_kaiyuan/week2practice/build/local_costmap -- -j16 -l16
[0.273s] [35m[1mConsolidate compiler generated dependencies of target local_costmap[0m
[0.275s] [ 50%] [32mBuilding CXX object CMakeFiles/local_costmap.dir/src/local_costmap.cpp.o[0m
[5.469s] [01m[K/home/robert_kaiyuan/week2practice/src/local_costmap/src/local_costmap.cpp:[m[K In member function â€˜[01m[Kvoid LocalCostmap::topic_callback_laser(sensor_msgs::msg::LaserScan_<std::allocator<void> >::SharedPtr)[m[Kâ€™:
[5.469s] [01m[K/home/robert_kaiyuan/week2practice/src/local_costmap/src/local_costmap.cpp:155:17:[m[K [01;31m[Kerror: [m[Kâ€˜[01m[Kcostmap[m[Kâ€™ was not declared in this scope
[5.469s]   155 |                 [01;31m[Kcostmap[m[K.info.origin.position.x = transform.transform.translation.x-costmapSize/2;
[5.469s]       |                 [01;31m[K^~~~~~~[m[K
[5.481s] [01m[K/home/robert_kaiyuan/week2practice/src/local_costmap/src/local_costmap.cpp:185:44:[m[K [01;31m[Kerror: [m[Kâ€˜[01m[Kcostmap[m[Kâ€™ was not declared in this scope
[5.481s]   185 |             publisher_raw_costmap->publish([01;31m[Kcostmap[m[K);
[5.481s]       |                                            [01;31m[K^~~~~~~[m[K
[9.911s] gmake[2]: *** [CMakeFiles/local_costmap.dir/build.make:76: CMakeFiles/local_costmap.dir/src/local_costmap.cpp.o] Error 1
[9.912s] gmake[1]: *** [CMakeFiles/Makefile2:137: CMakeFiles/local_costmap.dir/all] Error 2
[9.912s] gmake: *** [Makefile:146: all] Error 2
[9.914s] Invoked command in '/home/robert_kaiyuan/week2practice/build/local_costmap' returned '2': CMAKE_PREFIX_PATH=${CMAKE_PREFIX_PATH}:/home/robert_kaiyuan/week2practice/install/my_map:/opt/ros/humble /usr/bin/cmake --build /home/robert_kaiyuan/week2practice/build/local_costmap -- -j16 -l16
