[0.022s] Invoking command in '/home/robert_kaiyuan/week2practice/build/subtf_print': CMAKE_PREFIX_PATH=/opt/ros/humble /usr/bin/cmake --build /home/robert_kaiyuan/week2practice/build/subtf_print -- -j16 -l16
[0.050s] -- Found ament_cmake: 1.3.11 (/opt/ros/humble/share/ament_cmake/cmake)
[0.156s] -- Found rclcpp: 16.0.11 (/opt/ros/humble/share/rclcpp/cmake)
[0.394s] -- Found rosidl_generator_c: 3.1.6 (/opt/ros/humble/share/rosidl_generator_c/cmake)
[0.396s] -- Found rosidl_adapter: 3.1.6 (/opt/ros/humble/share/rosidl_adapter/cmake)
[0.401s] -- Found rosidl_generator_cpp: 3.1.6 (/opt/ros/humble/share/rosidl_generator_cpp/cmake)
[0.408s] -- Using all available rosidl_typesupport_c: rosidl_typesupport_fastrtps_c;rosidl_typesupport_introspection_c
[0.415s] -- Using all available rosidl_typesupport_cpp: rosidl_typesupport_fastrtps_cpp;rosidl_typesupport_introspection_cpp
[0.434s] -- Found rmw_implementation_cmake: 6.1.2 (/opt/ros/humble/share/rmw_implementation_cmake/cmake)
[0.435s] -- Found rmw_fastrtps_cpp: 6.2.7 (/opt/ros/humble/share/rmw_fastrtps_cpp/cmake)
[8.978s] -- Using RMW implementation 'rmw_fastrtps_cpp' as default
[9.005s] -- Found tf2_ros: 0.25.12 (/opt/ros/humble/share/tf2_ros/cmake)
[9.059s] -- Found ament_lint_auto: 0.12.11 (/opt/ros/humble/share/ament_lint_auto/cmake)
[9.101s] -- Added test 'cppcheck' to perform static code analysis on C / C++ code
[9.101s] -- Configured cppcheck include dirs: $<BUILD_INTERFACE:/home/robert_kaiyuan/week2practice/src/subtf_print/include>
[9.101s] -- Configured cppcheck exclude dirs and/or files: 
[9.101s] -- Added test 'lint_cmake' to check CMake code style
[9.102s] -- Added test 'uncrustify' to check C / C++ code style
[9.102s] -- Configured uncrustify additional arguments: 
[9.102s] -- Added test 'xmllint' to check XML markup files
[9.103s] -- Configuring done
[9.111s] -- Generating done
[9.132s] -- Build files have been written to: /home/robert_kaiyuan/week2practice/build/subtf_print
[9.162s] [ 50%] [32mBuilding CXX object CMakeFiles/subtf_print.dir/src/subtf_print.cpp.o[0m
[9.381s] In file included from [01m[K/home/robert_kaiyuan/week2practice/src/subtf_print/src/subtf_print.cpp:2[m[K:
[9.381s] [01m[K/opt/ros/humble/include/tf2_ros/tf2_ros/transform_listener.h:40:10:[m[K [01;31m[Kfatal error: [m[Ktf2/buffer_core.hpp: No such file or directory
[9.381s]    40 | #include [01;31m[K"tf2/buffer_core.hpp"[m[K
[9.381s]       |          [01;31m[K^~~~~~~~~~~~~~~~~~~~~[m[K
[9.382s] compilation terminated.
[9.383s] gmake[2]: *** [CMakeFiles/subtf_print.dir/build.make:76: CMakeFiles/subtf_print.dir/src/subtf_print.cpp.o] Error 1
[9.383s] gmake[1]: *** [CMakeFiles/Makefile2:137: CMakeFiles/subtf_print.dir/all] Error 2
[9.384s] gmake: *** [Makefile:146: all] Error 2
[9.386s] Invoked command in '/home/robert_kaiyuan/week2practice/build/subtf_print' returned '2': CMAKE_PREFIX_PATH=/opt/ros/humble /usr/bin/cmake --build /home/robert_kaiyuan/week2practice/build/subtf_print -- -j16 -l16
