[35m[1mConsolidate compiler generated dependencies of target local_costmap[0m
[ 50%] [32mBuilding CXX object CMakeFiles/local_costmap.dir/src/local_costmap.cpp.o[0m
[01m[K/home/robert_kaiyuan/week2practice/src/local_costmap/src/local_costmap.cpp:[m[K In member function â€˜[01m[Kvoid LocalCostmap::process_cloud(std_msgs::msg::Header)[m[Kâ€™:
[01m[K/home/robert_kaiyuan/week2practice/src/local_costmap/src/local_costmap.cpp:163:17:[m[K [01;31m[Kerror: [m[Kâ€˜[01m[Kcostmap[m[Kâ€™ was not declared in this scope
  163 |                 [01;31m[Kcostmap[m[K.info.origin.position.x = transform.transform.translation.x-costmapSize/2;
      |                 [01;31m[K^~~~~~~[m[K
[01m[K/home/robert_kaiyuan/week2practice/src/local_costmap/src/local_costmap.cpp:193:44:[m[K [01;31m[Kerror: [m[Kâ€˜[01m[Kcostmap[m[Kâ€™ was not declared in this scope
  193 |             publisher_raw_costmap->publish([01;31m[Kcostmap[m[K);
      |                                            [01;31m[K^~~~~~~[m[K
gmake[2]: *** [CMakeFiles/local_costmap.dir/build.make:76: CMakeFiles/local_costmap.dir/src/local_costmap.cpp.o] Error 1
gmake[1]: *** [CMakeFiles/Makefile2:137: CMakeFiles/local_costmap.dir/all] Error 2
gmake: *** [Makefile:146: all] Error 2
