[0.054s] Invoking command in '/home/robert_kaiyuan/week2practice/build/local_costmap': CMAKE_PREFIX_PATH=${CMAKE_PREFIX_PATH}:/home/robert_kaiyuan/week2practice/install/my_map:/opt/ros/humble /usr/bin/cmake --build /home/robert_kaiyuan/week2practice/build/local_costmap -- -j16 -l16
[0.300s] [35m[1mConsolidate compiler generated dependencies of target local_costmap[0m
[0.301s] [ 50%] [32mBuilding CXX object CMakeFiles/local_costmap.dir/src/local_costmap.cpp.o[0m
[5.818s] [01m[K/home/robert_kaiyuan/week2practice/src/local_costmap/src/local_costmap.cpp:[m[K In member function â€˜[01m[Kvoid LocalCostmap::process_cloud(std_msgs::msg::Header)[m[Kâ€™:
[5.818s] [01m[K/home/robert_kaiyuan/week2practice/src/local_costmap/src/local_costmap.cpp:163:17:[m[K [01;31m[Kerror: [m[Kâ€˜[01m[Kcostmap[m[Kâ€™ was not declared in this scope
[5.818s]   163 |                 [01;31m[Kcostmap[m[K.info.origin.position.x = transform.transform.translation.x-costmapSize/2;
[5.819s]       |                 [01;31m[K^~~~~~~[m[K
[5.828s] [01m[K/home/robert_kaiyuan/week2practice/src/local_costmap/src/local_costmap.cpp:193:44:[m[K [01;31m[Kerror: [m[Kâ€˜[01m[Kcostmap[m[Kâ€™ was not declared in this scope
[5.828s]   193 |             publisher_raw_costmap->publish([01;31m[Kcostmap[m[K);
[5.828s]       |                                            [01;31m[K^~~~~~~[m[K
[10.167s] gmake[2]: *** [CMakeFiles/local_costmap.dir/build.make:76: CMakeFiles/local_costmap.dir/src/local_costmap.cpp.o] Error 1
[10.168s] gmake[1]: *** [CMakeFiles/Makefile2:137: CMakeFiles/local_costmap.dir/all] Error 2
[10.168s] gmake: *** [Makefile:146: all] Error 2
[10.175s] Invoked command in '/home/robert_kaiyuan/week2practice/build/local_costmap' returned '2': CMAKE_PREFIX_PATH=${CMAKE_PREFIX_PATH}:/home/robert_kaiyuan/week2practice/install/my_map:/opt/ros/humble /usr/bin/cmake --build /home/robert_kaiyuan/week2practice/build/local_costmap -- -j16 -l16
