[0.029s] Invoking command in '/home/robert_kaiyuan/week2practice/build/subtf_print': CMAKE_PREFIX_PATH=/opt/ros/humble /usr/bin/cmake --build /home/robert_kaiyuan/week2practice/build/subtf_print -- -j16 -l16
[0.052s] -- Found ament_cmake: 1.3.11 (/opt/ros/humble/share/ament_cmake/cmake)
[0.200s] -- Found rclcpp: 16.0.11 (/opt/ros/humble/share/rclcpp/cmake)
[0.561s] -- Found rosidl_generator_c: 3.1.6 (/opt/ros/humble/share/rosidl_generator_c/cmake)
[0.566s] -- Found rosidl_adapter: 3.1.6 (/opt/ros/humble/share/rosidl_adapter/cmake)
[0.575s] -- Found rosidl_generator_cpp: 3.1.6 (/opt/ros/humble/share/rosidl_generator_cpp/cmake)
[0.591s] -- Using all available rosidl_typesupport_c: rosidl_typesupport_fastrtps_c;rosidl_typesupport_introspection_c
[0.609s] -- Using all available rosidl_typesupport_cpp: rosidl_typesupport_fastrtps_cpp;rosidl_typesupport_introspection_cpp
[0.659s] -- Found rmw_implementation_cmake: 6.1.2 (/opt/ros/humble/share/rmw_implementation_cmake/cmake)
[0.661s] -- Found rmw_fastrtps_cpp: 6.2.7 (/opt/ros/humble/share/rmw_fastrtps_cpp/cmake)
[9.332s] -- Using RMW implementation 'rmw_fastrtps_cpp' as default
[9.410s] -- Found tf2_ros: 0.25.12 (/opt/ros/humble/share/tf2_ros/cmake)
[9.571s] -- Found ament_lint_auto: 0.12.11 (/opt/ros/humble/share/ament_lint_auto/cmake)
[9.632s] -- Added test 'cppcheck' to perform static code analysis on C / C++ code
[9.632s] -- Configured cppcheck include dirs: $<BUILD_INTERFACE:/home/robert_kaiyuan/week2practice/src/subtf_print/include>
[9.632s] -- Configured cppcheck exclude dirs and/or files: 
[9.633s] -- Added test 'lint_cmake' to check CMake code style
[9.634s] -- Added test 'uncrustify' to check C / C++ code style
[9.634s] -- Configured uncrustify additional arguments: 
[9.634s] -- Added test 'xmllint' to check XML markup files
[9.636s] -- Configuring done
[9.652s] -- Generating done
[9.656s] -- Build files have been written to: /home/robert_kaiyuan/week2practice/build/subtf_print
[9.684s] [ 50%] [32mBuilding CXX object CMakeFiles/subtf_print.dir/src/subtf_print.cpp.o[0m
[11.435s] [01m[K/home/robert_kaiyuan/week2practice/src/subtf_print/src/subtf_print.cpp:4:10:[m[K [01;31m[Kfatal error: [m[Kgeometry_msgs/msg/transform_stamped.hpp: No such file or directory
[11.435s]     4 | #include [01;31m[K<geometry_msgs/msg/transform_stamped.hpp>[m[K
[11.435s]       |          [01;31m[K^~~~~~~~~~~~~~~~~~~~~~~~~~~~~~~~~~~~~~~~~[m[K
[11.435s] compilation terminated.
[11.442s] gmake[2]: *** [CMakeFiles/subtf_print.dir/build.make:76: CMakeFiles/subtf_print.dir/src/subtf_print.cpp.o] Error 1
[11.443s] gmake[1]: *** [CMakeFiles/Makefile2:137: CMakeFiles/subtf_print.dir/all] Error 2
[11.443s] gmake: *** [Makefile:146: all] Error 2
[11.447s] Invoked command in '/home/robert_kaiyuan/week2practice/build/subtf_print' returned '2': CMAKE_PREFIX_PATH=/opt/ros/humble /usr/bin/cmake --build /home/robert_kaiyuan/week2practice/build/subtf_print -- -j16 -l16
